<?xml version="1.0" encoding="UTF-8"?>
<coverage generated="1720378377166" clover="3.2.0">
  <project timestamp="1720378377166" name="All files">
    <metrics statements="49" coveredstatements="49" conditionals="9" coveredconditionals="6" methods="20" coveredmethods="20" elements="78" coveredelements="75" complexity="0" loc="49" ncloc="49" packages="4" files="8" classes="8"/>
    <package name="GetTotalQuantityWithoutAmountByListUuid">
      <metrics statements="22" coveredstatements="22" conditionals="7" coveredconditionals="4" methods="7" coveredmethods="7"/>
      <file name="GetTotalQuantityWithoutAmountByListUuidController.ts" path="/home/diego/MeusProjetos/shopping-list/src/UseCases/List/GetTotalQuantityWithoutAmountByListUuid/GetTotalQuantityWithoutAmountByListUuidController.ts">
        <metrics statements="4" coveredstatements="4" conditionals="1" coveredconditionals="0" methods="2" coveredmethods="2"/>
        <line num="9" count="7" type="stmt"/>
        <line num="10" count="7" type="stmt"/>
        <line num="15" count="1" type="stmt"/>
        <line num="16" count="1" type="stmt"/>
      </file>
      <file name="GetTotalQuantityWithoutAmountByListUuidUseCase.ts" path="/home/diego/MeusProjetos/shopping-list/src/UseCases/List/GetTotalQuantityWithoutAmountByListUuid/GetTotalQuantityWithoutAmountByListUuidUseCase.ts">
        <metrics statements="18" coveredstatements="18" conditionals="6" coveredconditionals="4" methods="5" coveredmethods="5"/>
        <line num="17" count="3" type="stmt"/>
        <line num="18" count="3" type="stmt"/>
        <line num="19" count="2" type="stmt"/>
        <line num="20" count="2" type="cond" truecount="2" falsecount="0"/>
        <line num="21" count="1" type="stmt"/>
        <line num="22" count="1" type="stmt"/>
        <line num="23" count="3" type="stmt"/>
        <line num="26" count="3" type="cond" truecount="1" falsecount="1"/>
        <line num="29" count="1" type="stmt"/>
        <line num="32" count="1" type="stmt"/>
        <line num="33" count="3" type="stmt"/>
        <line num="36" count="1" type="stmt"/>
        <line num="37" count="1" type="stmt"/>
        <line num="38" count="2" type="stmt"/>
        <line num="41" count="2" type="cond" truecount="1" falsecount="1"/>
        <line num="44" count="1" type="stmt"/>
        <line num="46" count="1" type="stmt"/>
        <line num="47" count="1" type="stmt"/>
      </file>
    </package>
    <package name="RemoveListByUuid">
      <metrics statements="8" coveredstatements="8" conditionals="0" coveredconditionals="0" methods="5" coveredmethods="5"/>
      <file name="RemoveListByUuidController.ts" path="/home/diego/MeusProjetos/shopping-list/src/UseCases/List/RemoveListByUuid/RemoveListByUuidController.ts">
        <metrics statements="3" coveredstatements="3" conditionals="0" coveredconditionals="0" methods="2" coveredmethods="2"/>
        <line num="7" count="2" type="stmt"/>
        <line num="8" count="2" type="stmt"/>
        <line num="10" count="1" type="stmt"/>
      </file>
      <file name="RemoveListByUuidUseCase.ts" path="/home/diego/MeusProjetos/shopping-list/src/UseCases/List/RemoveListByUuid/RemoveListByUuidUseCase.ts">
        <metrics statements="5" coveredstatements="5" conditionals="0" coveredconditionals="0" methods="3" coveredmethods="3"/>
        <line num="12" count="3" type="stmt"/>
        <line num="13" count="3" type="stmt"/>
        <line num="14" count="5" type="stmt"/>
        <line num="15" count="2" type="stmt"/>
        <line num="17" count="1" type="stmt"/>
      </file>
    </package>
    <package name="SaveListByUuid">
      <metrics statements="11" coveredstatements="11" conditionals="2" coveredconditionals="2" methods="4" coveredmethods="4"/>
      <file name="SaveListByUuidController.ts" path="/home/diego/MeusProjetos/shopping-list/src/UseCases/List/SaveListByUuid/SaveListByUuidController.ts">
        <metrics statements="4" coveredstatements="4" conditionals="0" coveredconditionals="0" methods="2" coveredmethods="2"/>
        <line num="10" count="2" type="stmt"/>
        <line num="11" count="2" type="stmt"/>
        <line num="12" count="2" type="stmt"/>
        <line num="14" count="1" type="stmt"/>
      </file>
      <file name="SaveListByUuidUseCase.ts" path="/home/diego/MeusProjetos/shopping-list/src/UseCases/List/SaveListByUuid/SaveListByUuidUseCase.ts">
        <metrics statements="7" coveredstatements="7" conditionals="2" coveredconditionals="2" methods="2" coveredmethods="2"/>
        <line num="15" count="5" type="stmt"/>
        <line num="16" count="5" type="stmt"/>
        <line num="17" count="5" type="stmt"/>
        <line num="18" count="4" type="stmt"/>
        <line num="19" count="4" type="cond" truecount="2" falsecount="0"/>
        <line num="20" count="3" type="stmt"/>
        <line num="22" count="1" type="stmt"/>
      </file>
    </package>
    <package name="SaveLists">
      <metrics statements="8" coveredstatements="8" conditionals="0" coveredconditionals="0" methods="4" coveredmethods="4"/>
      <file name="SaveListsController.ts" path="/home/diego/MeusProjetos/shopping-list/src/UseCases/List/SaveLists/SaveListsController.ts">
        <metrics statements="4" coveredstatements="4" conditionals="0" coveredconditionals="0" methods="2" coveredmethods="2"/>
        <line num="7" count="3" type="stmt"/>
        <line num="8" count="3" type="stmt"/>
        <line num="9" count="3" type="stmt"/>
        <line num="11" count="1" type="stmt"/>
      </file>
      <file name="SaveListsUseCase.ts" path="/home/diego/MeusProjetos/shopping-list/src/UseCases/List/SaveLists/SaveListsUseCase.ts">
        <metrics statements="4" coveredstatements="4" conditionals="0" coveredconditionals="0" methods="2" coveredmethods="2"/>
        <line num="6" count="3" type="stmt"/>
        <line num="7" count="3" type="stmt"/>
        <line num="8" count="3" type="stmt"/>
        <line num="10" count="1" type="stmt"/>
      </file>
    </package>
  </project>
</coverage>
