{"/home/diego/MeusProjetos/shopping-list/src/UseCases/List/SaveLists/SaveListsController.ts": {"path":"/home/diego/MeusProjetos/shopping-list/src/UseCases/List/SaveLists/SaveListsController.ts","statementMap":{"0":{"start":{"line":7,"column":11},"end":{"line":13,"column":3}},"1":{"start":{"line":8,"column":4},"end":{"line":12,"column":5}},"2":{"start":{"line":9,"column":6},"end":{"line":9,"column":60}},"3":{"start":{"line":11,"column":6},"end":{"line":11,"column":50}}},"fnMap":{"0":{"name":"(anonymous_0)","decl":{"start":{"line":5,"column":2},"end":{"line":5,"column":3}},"loc":{"start":{"line":5,"column":58},"end":{"line":5,"column":60}},"line":5},"1":{"name":"(anonymous_1)","decl":{"start":{"line":7,"column":11},"end":{"line":7,"column":12}},"loc":{"start":{"line":7,"column":37},"end":{"line":13,"column":3}},"line":7}},"branchMap":{},"s":{"0":2,"1":2,"2":2,"3":1},"f":{"0":2,"1":2},"b":{},"_coverageSchema":"1a1c01bbd47fc00a2c39e90264f33305004495a9","hash":"76d77372b82c82721c8725ea7a62fe01bfac401e"}
,"/home/diego/MeusProjetos/shopping-list/src/UseCases/List/SaveLists/SaveListsUseCase.ts": {"path":"/home/diego/MeusProjetos/shopping-list/src/UseCases/List/SaveLists/SaveListsUseCase.ts","statementMap":{"0":{"start":{"line":6,"column":12},"end":{"line":12,"column":3}},"1":{"start":{"line":7,"column":4},"end":{"line":11,"column":5}},"2":{"start":{"line":8,"column":6},"end":{"line":8,"column":54}},"3":{"start":{"line":10,"column":6},"end":{"line":10,"column":47}}},"fnMap":{"0":{"name":"(anonymous_0)","decl":{"start":{"line":4,"column":2},"end":{"line":4,"column":3}},"loc":{"start":{"line":4,"column":49},"end":{"line":4,"column":51}},"line":4},"1":{"name":"(anonymous_1)","decl":{"start":{"line":6,"column":12},"end":{"line":6,"column":13}},"loc":{"start":{"line":6,"column":51},"end":{"line":12,"column":3}},"line":6}},"branchMap":{},"s":{"0":2,"1":2,"2":2,"3":1},"f":{"0":2,"1":2},"b":{},"_coverageSchema":"1a1c01bbd47fc00a2c39e90264f33305004495a9","hash":"e26aaa057f7f5a8b926cc6c4ee7f07a2cd1cb314"}
}
