{"/home/diego/MeusProjetos/shopping-list/src/UseCases/List/GetTotalQuantityWithoutAmountByListUuid/GetTotalQuantityWithoutAmountByListUuidController.ts": {"path":"/home/diego/MeusProjetos/shopping-list/src/UseCases/List/GetTotalQuantityWithoutAmountByListUuid/GetTotalQuantityWithoutAmountByListUuidController.ts","statementMap":{"0":{"start":{"line":9,"column":4},"end":{"line":17,"column":5}},"1":{"start":{"line":10,"column":6},"end":{"line":13,"column":8}},"2":{"start":{"line":15,"column":6},"end":{"line":15,"column":77}},"3":{"start":{"line":16,"column":6},"end":{"line":16,"column":16}}},"fnMap":{"0":{"name":"(anonymous_0)","decl":{"start":{"line":5,"column":2},"end":{"line":5,"column":3}},"loc":{"start":{"line":7,"column":4},"end":{"line":7,"column":6}},"line":7},"1":{"name":"(anonymous_1)","decl":{"start":{"line":8,"column":2},"end":{"line":8,"column":3}},"loc":{"start":{"line":8,"column":61},"end":{"line":18,"column":3}},"line":8}},"branchMap":{"0":{"loc":{"start":{"line":8,"column":27},"end":{"line":8,"column":51}},"type":"default-arg","locations":[{"start":{"line":8,"column":44},"end":{"line":8,"column":51}}],"line":8}},"s":{"0":7,"1":7,"2":1,"3":1},"f":{"0":4,"1":7},"b":{"0":[0]},"_coverageSchema":"1a1c01bbd47fc00a2c39e90264f33305004495a9","hash":"b36438efa9bc303efe3c51cd37d86e58533e6353"}
,"/home/diego/MeusProjetos/shopping-list/src/UseCases/List/GetTotalQuantityWithoutAmountByListUuid/GetTotalQuantityWithoutAmountByListUuidUseCase.ts": {"path":"/home/diego/MeusProjetos/shopping-list/src/UseCases/List/GetTotalQuantityWithoutAmountByListUuid/GetTotalQuantityWithoutAmountByListUuidUseCase.ts","statementMap":{"0":{"start":{"line":17,"column":4},"end":{"line":48,"column":5}},"1":{"start":{"line":18,"column":19},"end":{"line":18,"column":54}},"2":{"start":{"line":19,"column":23},"end":{"line":19,"column":68}},"3":{"start":{"line":20,"column":4},"end":{"line":30,"column":5}},"4":{"start":{"line":21,"column":47},"end":{"line":21,"column":59}},"5":{"start":{"line":22,"column":6},"end":{"line":27,"column":9}},"6":{"start":{"line":23,"column":29},"end":{"line":25,"column":9}},"7":{"start":{"line":26,"column":8},"end":{"line":26,"column":66}},"8":{"start":{"line":26,"column":30},"end":{"line":26,"column":66}},"9":{"start":{"line":29,"column":6},"end":{"line":29,"column":33}},"10":{"start":{"line":32,"column":35},"end":{"line":34,"column":7}},"11":{"start":{"line":33,"column":21},"end":{"line":33,"column":76}},"12":{"start":{"line":36,"column":47},"end":{"line":36,"column":59}},"13":{"start":{"line":37,"column":6},"end":{"line":42,"column":9}},"14":{"start":{"line":38,"column":29},"end":{"line":40,"column":9}},"15":{"start":{"line":41,"column":8},"end":{"line":41,"column":66}},"16":{"start":{"line":41,"column":30},"end":{"line":41,"column":66}},"17":{"start":{"line":44,"column":6},"end":{"line":44,"column":33}},"18":{"start":{"line":46,"column":6},"end":{"line":46,"column":77}},"19":{"start":{"line":47,"column":6},"end":{"line":47,"column":16}}},"fnMap":{"0":{"name":"(anonymous_0)","decl":{"start":{"line":10,"column":2},"end":{"line":10,"column":3}},"loc":{"start":{"line":15,"column":4},"end":{"line":15,"column":6}},"line":15},"1":{"name":"(anonymous_1)","decl":{"start":{"line":16,"column":2},"end":{"line":16,"column":3}},"loc":{"start":{"line":16,"column":52},"end":{"line":49,"column":3}},"line":16},"2":{"name":"(anonymous_2)","decl":{"start":{"line":22,"column":24},"end":{"line":22,"column":25}},"loc":{"start":{"line":22,"column":37},"end":{"line":27,"column":7}},"line":22},"3":{"name":"(anonymous_3)","decl":{"start":{"line":33,"column":8},"end":{"line":33,"column":9}},"loc":{"start":{"line":33,"column":21},"end":{"line":33,"column":76}},"line":33},"4":{"name":"(anonymous_4)","decl":{"start":{"line":37,"column":36},"end":{"line":37,"column":37}},"loc":{"start":{"line":37,"column":49},"end":{"line":42,"column":7}},"line":37}},"branchMap":{"0":{"loc":{"start":{"line":20,"column":4},"end":{"line":30,"column":5}},"type":"if","locations":[{"start":{"line":20,"column":4},"end":{"line":30,"column":5}},{"start":{},"end":{}}],"line":20},"1":{"loc":{"start":{"line":26,"column":8},"end":{"line":26,"column":66}},"type":"if","locations":[{"start":{"line":26,"column":8},"end":{"line":26,"column":66}},{"start":{},"end":{}}],"line":26},"2":{"loc":{"start":{"line":41,"column":8},"end":{"line":41,"column":66}},"type":"if","locations":[{"start":{"line":41,"column":8},"end":{"line":41,"column":66}},{"start":{},"end":{}}],"line":41}},"s":{"0":3,"1":3,"2":2,"3":2,"4":1,"5":1,"6":3,"7":3,"8":3,"9":1,"10":1,"11":3,"12":1,"13":1,"14":2,"15":2,"16":2,"17":1,"18":1,"19":1},"f":{"0":3,"1":3,"2":3,"3":3,"4":2},"b":{"0":[1,1],"1":[3,0],"2":[2,0]},"_coverageSchema":"1a1c01bbd47fc00a2c39e90264f33305004495a9","hash":"4bb04101091a8d821883e29f2bd08869b1e4c10d"}
,"/home/diego/MeusProjetos/shopping-list/src/UseCases/List/RemoveListByUuid/RemoveListByUuidController.ts": {"path":"/home/diego/MeusProjetos/shopping-list/src/UseCases/List/RemoveListByUuid/RemoveListByUuidController.ts","statementMap":{"0":{"start":{"line":7,"column":4},"end":{"line":11,"column":5}},"1":{"start":{"line":8,"column":6},"end":{"line":8,"column":53}},"2":{"start":{"line":10,"column":6},"end":{"line":10,"column":57}}},"fnMap":{"0":{"name":"(anonymous_0)","decl":{"start":{"line":5,"column":2},"end":{"line":5,"column":3}},"loc":{"start":{"line":5,"column":72},"end":{"line":5,"column":74}},"line":5},"1":{"name":"(anonymous_1)","decl":{"start":{"line":6,"column":2},"end":{"line":6,"column":3}},"loc":{"start":{"line":6,"column":27},"end":{"line":12,"column":3}},"line":6}},"branchMap":{},"s":{"0":2,"1":2,"2":1},"f":{"0":2,"1":2},"b":{},"_coverageSchema":"1a1c01bbd47fc00a2c39e90264f33305004495a9","hash":"d9f606446bd1d08dbc6c526633a9c168f3e609b8"}
,"/home/diego/MeusProjetos/shopping-list/src/UseCases/List/RemoveListByUuid/RemoveListByUuidUseCase.ts": {"path":"/home/diego/MeusProjetos/shopping-list/src/UseCases/List/RemoveListByUuid/RemoveListByUuidUseCase.ts","statementMap":{"0":{"start":{"line":12,"column":4},"end":{"line":18,"column":5}},"1":{"start":{"line":13,"column":20},"end":{"line":13,"column":42}},"2":{"start":{"line":14,"column":27},"end":{"line":14,"column":68}},"3":{"start":{"line":14,"column":50},"end":{"line":14,"column":67}},"4":{"start":{"line":15,"column":6},"end":{"line":15,"column":42}},"5":{"start":{"line":17,"column":6},"end":{"line":17,"column":54}}},"fnMap":{"0":{"name":"(anonymous_0)","decl":{"start":{"line":7,"column":2},"end":{"line":7,"column":3}},"loc":{"start":{"line":10,"column":4},"end":{"line":10,"column":6}},"line":10},"1":{"name":"(anonymous_1)","decl":{"start":{"line":11,"column":2},"end":{"line":11,"column":3}},"loc":{"start":{"line":11,"column":28},"end":{"line":19,"column":3}},"line":11},"2":{"name":"(anonymous_2)","decl":{"start":{"line":14,"column":40},"end":{"line":14,"column":41}},"loc":{"start":{"line":14,"column":50},"end":{"line":14,"column":67}},"line":14}},"branchMap":{},"s":{"0":3,"1":3,"2":2,"3":5,"4":2,"5":1},"f":{"0":3,"1":3,"2":5},"b":{},"_coverageSchema":"1a1c01bbd47fc00a2c39e90264f33305004495a9","hash":"78117078269b8a4dd56d0e50de42b743f3261417"}
,"/home/diego/MeusProjetos/shopping-list/src/UseCases/List/SaveListByUuid/SaveListByUuidController.ts": {"path":"/home/diego/MeusProjetos/shopping-list/src/UseCases/List/SaveListByUuid/SaveListByUuidController.ts","statementMap":{"0":{"start":{"line":10,"column":11},"end":{"line":16,"column":3}},"1":{"start":{"line":11,"column":4},"end":{"line":15,"column":5}},"2":{"start":{"line":12,"column":6},"end":{"line":12,"column":58}},"3":{"start":{"line":14,"column":6},"end":{"line":14,"column":55}}},"fnMap":{"0":{"name":"(anonymous_0)","decl":{"start":{"line":8,"column":2},"end":{"line":8,"column":3}},"loc":{"start":{"line":8,"column":68},"end":{"line":8,"column":70}},"line":8},"1":{"name":"(anonymous_1)","decl":{"start":{"line":10,"column":11},"end":{"line":10,"column":12}},"loc":{"start":{"line":10,"column":34},"end":{"line":16,"column":3}},"line":10}},"branchMap":{},"s":{"0":2,"1":2,"2":2,"3":1},"f":{"0":2,"1":2},"b":{},"_coverageSchema":"1a1c01bbd47fc00a2c39e90264f33305004495a9","hash":"eacc0d8f1e750dc84c9d8c0122ed80416e8b93ee"}
,"/home/diego/MeusProjetos/shopping-list/src/UseCases/List/SaveListByUuid/SaveListByUuidUseCase.ts": {"path":"/home/diego/MeusProjetos/shopping-list/src/UseCases/List/SaveListByUuid/SaveListByUuidUseCase.ts","statementMap":{"0":{"start":{"line":15,"column":12},"end":{"line":24,"column":3}},"1":{"start":{"line":16,"column":4},"end":{"line":23,"column":5}},"2":{"start":{"line":17,"column":6},"end":{"line":17,"column":47}},"3":{"start":{"line":18,"column":20},"end":{"line":18,"column":42}},"4":{"start":{"line":19,"column":6},"end":{"line":20,"column":53}},"5":{"start":{"line":20,"column":8},"end":{"line":20,"column":53}},"6":{"start":{"line":22,"column":6},"end":{"line":22,"column":54}}},"fnMap":{"0":{"name":"(anonymous_0)","decl":{"start":{"line":9,"column":2},"end":{"line":9,"column":3}},"loc":{"start":{"line":13,"column":4},"end":{"line":13,"column":6}},"line":13},"1":{"name":"(anonymous_1)","decl":{"start":{"line":15,"column":12},"end":{"line":15,"column":13}},"loc":{"start":{"line":15,"column":48},"end":{"line":24,"column":3}},"line":15}},"branchMap":{"0":{"loc":{"start":{"line":19,"column":6},"end":{"line":20,"column":53}},"type":"if","locations":[{"start":{"line":19,"column":6},"end":{"line":20,"column":53}},{"start":{},"end":{}}],"line":19}},"s":{"0":5,"1":5,"2":5,"3":4,"4":4,"5":3,"6":1},"f":{"0":5,"1":5},"b":{"0":[3,1]},"_coverageSchema":"1a1c01bbd47fc00a2c39e90264f33305004495a9","hash":"4a84bb86eedbc6e668dd8caa122aad3cc0a7207c"}
,"/home/diego/MeusProjetos/shopping-list/src/UseCases/List/SaveLists/SaveListsController.ts": {"path":"/home/diego/MeusProjetos/shopping-list/src/UseCases/List/SaveLists/SaveListsController.ts","statementMap":{"0":{"start":{"line":7,"column":11},"end":{"line":13,"column":3}},"1":{"start":{"line":8,"column":4},"end":{"line":12,"column":5}},"2":{"start":{"line":9,"column":6},"end":{"line":9,"column":60}},"3":{"start":{"line":11,"column":6},"end":{"line":11,"column":50}}},"fnMap":{"0":{"name":"(anonymous_0)","decl":{"start":{"line":5,"column":2},"end":{"line":5,"column":3}},"loc":{"start":{"line":5,"column":58},"end":{"line":5,"column":60}},"line":5},"1":{"name":"(anonymous_1)","decl":{"start":{"line":7,"column":11},"end":{"line":7,"column":12}},"loc":{"start":{"line":7,"column":37},"end":{"line":13,"column":3}},"line":7}},"branchMap":{},"s":{"0":3,"1":3,"2":3,"3":1},"f":{"0":3,"1":3},"b":{},"_coverageSchema":"1a1c01bbd47fc00a2c39e90264f33305004495a9","hash":"76d77372b82c82721c8725ea7a62fe01bfac401e"}
,"/home/diego/MeusProjetos/shopping-list/src/UseCases/List/SaveLists/SaveListsUseCase.ts": {"path":"/home/diego/MeusProjetos/shopping-list/src/UseCases/List/SaveLists/SaveListsUseCase.ts","statementMap":{"0":{"start":{"line":6,"column":12},"end":{"line":12,"column":3}},"1":{"start":{"line":7,"column":4},"end":{"line":11,"column":5}},"2":{"start":{"line":8,"column":6},"end":{"line":8,"column":54}},"3":{"start":{"line":10,"column":6},"end":{"line":10,"column":47}}},"fnMap":{"0":{"name":"(anonymous_0)","decl":{"start":{"line":4,"column":2},"end":{"line":4,"column":3}},"loc":{"start":{"line":4,"column":49},"end":{"line":4,"column":51}},"line":4},"1":{"name":"(anonymous_1)","decl":{"start":{"line":6,"column":12},"end":{"line":6,"column":13}},"loc":{"start":{"line":6,"column":51},"end":{"line":12,"column":3}},"line":6}},"branchMap":{},"s":{"0":3,"1":3,"2":3,"3":1},"f":{"0":3,"1":3},"b":{},"_coverageSchema":"1a1c01bbd47fc00a2c39e90264f33305004495a9","hash":"e26aaa057f7f5a8b926cc6c4ee7f07a2cd1cb314"}
}
