TN:
SF:src/UseCases/List/GetTotalQuantityWithoutAmountByListUuid/GetTotalQuantityWithoutAmountByListUuidController.ts
FN:5,(anonymous_0)
FN:8,(anonymous_1)
FNF:2
FNH:2
FNDA:4,(anonymous_0)
FNDA:7,(anonymous_1)
DA:9,7
DA:10,7
DA:15,1
DA:16,1
LF:4
LH:4
BRDA:8,0,0,0
BRF:1
BRH:0
end_of_record
TN:
SF:src/UseCases/List/GetTotalQuantityWithoutAmountByListUuid/GetTotalQuantityWithoutAmountByListUuidUseCase.ts
FN:10,(anonymous_0)
FN:16,(anonymous_1)
FN:22,(anonymous_2)
FN:33,(anonymous_3)
FN:37,(anonymous_4)
FNF:5
FNH:5
FNDA:3,(anonymous_0)
FNDA:3,(anonymous_1)
FNDA:3,(anonymous_2)
FNDA:3,(anonymous_3)
FNDA:2,(anonymous_4)
DA:17,3
DA:18,3
DA:19,2
DA:20,2
DA:21,1
DA:22,1
DA:23,3
DA:26,3
DA:29,1
DA:32,1
DA:33,3
DA:36,1
DA:37,1
DA:38,2
DA:41,2
DA:44,1
DA:46,1
DA:47,1
LF:18
LH:18
BRDA:20,0,0,1
BRDA:20,0,1,1
BRDA:26,1,0,3
BRDA:26,1,1,0
BRDA:41,2,0,2
BRDA:41,2,1,0
BRF:6
BRH:4
end_of_record
TN:
SF:src/UseCases/List/RemoveListByUuid/RemoveListByUuidController.ts
FN:5,(anonymous_0)
FN:6,(anonymous_1)
FNF:2
FNH:2
FNDA:2,(anonymous_0)
FNDA:2,(anonymous_1)
DA:7,2
DA:8,2
DA:10,1
LF:3
LH:3
BRF:0
BRH:0
end_of_record
TN:
SF:src/UseCases/List/RemoveListByUuid/RemoveListByUuidUseCase.ts
FN:7,(anonymous_0)
FN:11,(anonymous_1)
FN:14,(anonymous_2)
FNF:3
FNH:3
FNDA:3,(anonymous_0)
FNDA:3,(anonymous_1)
FNDA:5,(anonymous_2)
DA:12,3
DA:13,3
DA:14,5
DA:15,2
DA:17,1
LF:5
LH:5
BRF:0
BRH:0
end_of_record
TN:
SF:src/UseCases/List/SaveListByUuid/SaveListByUuidController.ts
FN:8,(anonymous_0)
FN:10,(anonymous_1)
FNF:2
FNH:2
FNDA:2,(anonymous_0)
FNDA:2,(anonymous_1)
DA:10,2
DA:11,2
DA:12,2
DA:14,1
LF:4
LH:4
BRF:0
BRH:0
end_of_record
TN:
SF:src/UseCases/List/SaveListByUuid/SaveListByUuidUseCase.ts
FN:9,(anonymous_0)
FN:15,(anonymous_1)
FNF:2
FNH:2
FNDA:5,(anonymous_0)
FNDA:5,(anonymous_1)
DA:15,5
DA:16,5
DA:17,5
DA:18,4
DA:19,4
DA:20,3
DA:22,1
LF:7
LH:7
BRDA:19,0,0,3
BRDA:19,0,1,1
BRF:2
BRH:2
end_of_record
TN:
SF:src/UseCases/List/SaveLists/SaveListsController.ts
FN:5,(anonymous_0)
FN:7,(anonymous_1)
FNF:2
FNH:2
FNDA:3,(anonymous_0)
FNDA:3,(anonymous_1)
DA:7,3
DA:8,3
DA:9,3
DA:11,1
LF:4
LH:4
BRF:0
BRH:0
end_of_record
TN:
SF:src/UseCases/List/SaveLists/SaveListsUseCase.ts
FN:4,(anonymous_0)
FN:6,(anonymous_1)
FNF:2
FNH:2
FNDA:3,(anonymous_0)
FNDA:3,(anonymous_1)
DA:6,3
DA:7,3
DA:8,3
DA:10,1
LF:4
LH:4
BRF:0
BRH:0
end_of_record
